  main.cpp
D:\OI_lab3\Image_processing3\Image_processing3\main.cpp(3,10): warning C4067: непредвиденные лексемы за директивой препроцессора, требуется newline
D:\OI_lab3\Image_processing3\Image_processing3\main.cpp(31,32): warning C4244: =: преобразование "double" в "_Tp", возможна потеря данных
          with
          [
              _Tp=uchar
          ]
D:\OI_lab3\Image_processing3\Image_processing3\main.cpp(157,46): warning C4244: =: преобразование "double" в "_Tp", возможна потеря данных
          with
          [
              _Tp=uchar
          ]
D:\OI_lab3\Image_processing3\Image_processing3\main.cpp(162,57): warning C4244: =: преобразование "double" в "_Tp", возможна потеря данных
          with
          [
              _Tp=float
          ]
D:\OI_lab3\Image_processing3\Image_processing3\main.cpp(203,16): warning C4244: =: преобразование "double" в "uint8_t", возможна потеря данных
D:\OI_lab3\Image_processing3\Image_processing3\main.cpp(204,16): warning C4244: =: преобразование "double" в "uint8_t", возможна потеря данных
D:\OI_lab3\Image_processing3\Image_processing3\main.cpp(279,11): warning C4244: инициализация: преобразование "double" в "int", возможна потеря данных
D:\OI_lab3\Image_processing3\Image_processing3\main.cpp(327,23): warning C4244: инициализация: преобразование "double" в "unsigned char", возможна потеря данных
D:\OI_lab3\Image_processing3\Image_processing3\main.cpp(362,19): warning C4244: инициализация: преобразование "double" в "int", возможна потеря данных
D:\OI_lab3\Image_processing3\Image_processing3\main.cpp(378,25): warning C4244: инициализация: преобразование "double" в "unsigned char", возможна потеря данных
D:\OI_lab3\Image_processing3\Image_processing3\main.cpp(393,11): warning C4244: инициализация: преобразование "double" в "int", возможна потеря данных
  Image_processing3.vcxproj -> D:\OI_lab3\Image_processing3\x64\Debug\Image_processing3.exe
